2023-03-13 23:52:11,101 INFO o.a.j.u.JMeterUtils: Setting Locale to en_US
2023-03-13 23:52:11,135 INFO o.a.j.JMeter: Loading user properties from: /home/mina/Desktop/apache-jmeter-5.5/bin/user.properties
2023-03-13 23:52:11,135 INFO o.a.j.JMeter: Loading system properties from: /home/mina/Desktop/apache-jmeter-5.5/bin/system.properties
2023-03-13 23:52:11,144 INFO o.a.j.JMeter: Copyright (c) 1998-2022 The Apache Software Foundation
2023-03-13 23:52:11,144 INFO o.a.j.JMeter: Version 5.5
2023-03-13 23:52:11,144 INFO o.a.j.JMeter: java.version=11.0.18
2023-03-13 23:52:11,144 INFO o.a.j.JMeter: java.vm.name=OpenJDK 64-Bit Server VM
2023-03-13 23:52:11,144 INFO o.a.j.JMeter: os.name=Linux
2023-03-13 23:52:11,144 INFO o.a.j.JMeter: os.arch=amd64
2023-03-13 23:52:11,144 INFO o.a.j.JMeter: os.version=5.15.0-67-generic
2023-03-13 23:52:11,144 INFO o.a.j.JMeter: file.encoding=UTF-8
2023-03-13 23:52:11,145 INFO o.a.j.JMeter: java.awt.headless=true
2023-03-13 23:52:11,145 INFO o.a.j.JMeter: Max memory     =8489271296
2023-03-13 23:52:11,145 INFO o.a.j.JMeter: Available Processors =8
2023-03-13 23:52:11,153 INFO o.a.j.JMeter: Default Locale=English (United States)
2023-03-13 23:52:11,153 INFO o.a.j.JMeter: JMeter  Locale=English (United States)
2023-03-13 23:52:11,154 INFO o.a.j.JMeter: JMeterHome=/home/mina/Desktop/apache-jmeter-5.5
2023-03-13 23:52:11,154 INFO o.a.j.JMeter: user.dir  =/home/mina/Desktop/livescan-fingerprint/jmeter
2023-03-13 23:52:11,154 INFO o.a.j.JMeter: PWD       =/home/mina/Desktop/livescan-fingerprint/jmeter
2023-03-13 23:52:11,179 INFO o.a.j.JMeter: IP: 192.168.1.4 Name: mina-server FullName: mina-server
2023-03-13 23:52:11,188 INFO o.a.j.JMeter: Setting property 'jmeter.reportgenerator.outputdir' to:'/home/mina/Desktop/jmeter_reports'
2023-03-13 23:52:11,192 INFO o.a.j.s.FileServer: Default base='/home/mina/Desktop/livescan-fingerprint/jmeter'
2023-03-13 23:52:11,193 INFO o.a.j.s.FileServer: Set new base='/home/mina/Desktop/livescan-fingerprint/jmeter'
2023-03-13 23:52:11,395 INFO o.a.j.s.SaveService: Testplan (JMX) version: 2.2. Testlog (JTL) version: 2.2
2023-03-13 23:52:11,416 INFO o.a.j.s.SaveService: Using SaveService properties version 5.0
2023-03-13 23:52:11,421 INFO o.a.j.s.SaveService: Using SaveService properties file encoding UTF-8
2023-03-13 23:52:11,425 INFO o.a.j.s.SaveService: Loading file: /home/mina/Desktop/livescan-fingerprint/jmeter/MyFingerprintAppGraphResults.jmx
2023-03-13 23:52:11,484 INFO o.a.j.p.h.s.HTTPSamplerBase: Parser for text/html is org.apache.jmeter.protocol.http.parser.LagartoBasedHtmlParser
2023-03-13 23:52:11,484 INFO o.a.j.p.h.s.HTTPSamplerBase: Parser for application/xhtml+xml is org.apache.jmeter.protocol.http.parser.LagartoBasedHtmlParser
2023-03-13 23:52:11,485 INFO o.a.j.p.h.s.HTTPSamplerBase: Parser for application/xml is org.apache.jmeter.protocol.http.parser.LagartoBasedHtmlParser
2023-03-13 23:52:11,485 INFO o.a.j.p.h.s.HTTPSamplerBase: Parser for text/xml is org.apache.jmeter.protocol.http.parser.LagartoBasedHtmlParser
2023-03-13 23:52:11,485 INFO o.a.j.p.h.s.HTTPSamplerBase: Parser for text/vnd.wap.wml is org.apache.jmeter.protocol.http.parser.RegexpHTMLParser
2023-03-13 23:52:11,485 INFO o.a.j.p.h.s.HTTPSamplerBase: Parser for text/css is org.apache.jmeter.protocol.http.parser.CssParser
2023-03-13 23:52:11,520 INFO o.a.j.JMeter: Creating summariser <summary>
2023-03-13 23:52:11,526 INFO o.a.j.r.d.ReportGenerator: ReportGenerator will use for Parsing the separator: ','
2023-03-13 23:52:11,526 INFO o.a.j.r.d.ReportGenerator: Will generate report at end of test from  results file: /home/mina/Desktop/result.csv
2023-03-13 23:52:11,526 INFO o.a.j.r.d.ReportGenerator: Reading report generator properties from: /home/mina/Desktop/apache-jmeter-5.5/bin/reportgenerator.properties
2023-03-13 23:52:11,527 INFO o.a.j.r.d.ReportGenerator: Merging with JMeter properties
2023-03-13 23:52:11,533 INFO o.a.j.r.c.ReportGeneratorConfiguration: Property 'jmeter.reportgenerator.temp_dir' not found, using default value 'temp' instead.
2023-03-13 23:52:11,536 INFO o.a.j.r.c.ReportGeneratorConfiguration: Property 'jmeter.reportgenerator.apdex_per_transaction' not found, using default value 'null' instead.
2023-03-13 23:52:11,536 INFO o.a.j.r.c.ReportGeneratorConfiguration: apdex_per_transaction is empty, not APDEX per transaction customization
2023-03-13 23:52:11,537 INFO o.a.j.r.c.ReportGeneratorConfiguration: Property 'jmeter.reportgenerator.sample_filter' not found, using default value 'null' instead.
2023-03-13 23:52:11,537 INFO o.a.j.r.c.ReportGeneratorConfiguration: Property 'jmeter.reportgenerator.report_title' not found, using default value 'null' instead.
2023-03-13 23:52:11,537 INFO o.a.j.r.c.ReportGeneratorConfiguration: Property 'jmeter.reportgenerator.start_date' not found, using default value 'null' instead.
2023-03-13 23:52:11,537 INFO o.a.j.r.c.ReportGeneratorConfiguration: Property 'jmeter.reportgenerator.end_date' not found, using default value 'null' instead.
2023-03-13 23:52:11,537 INFO o.a.j.r.c.ReportGeneratorConfiguration: Property 'jmeter.reportgenerator.date_format' not found, using default value 'null' instead.
2023-03-13 23:52:11,543 INFO o.a.j.r.c.ReportGeneratorConfiguration: Will use date range start date: null, end date: null
2023-03-13 23:52:11,549 INFO o.a.j.r.c.ReportGeneratorConfiguration: Property 'jmeter.reportgenerator.graph.totalTPS.exclude_controllers' not found, using default value 'false' instead.
2023-03-13 23:52:11,549 INFO o.a.j.r.c.ReportGeneratorConfiguration: Property 'jmeter.reportgenerator.graph.activeThreadsOverTime.exclude_controllers' not found, using default value 'false' instead.
2023-03-13 23:52:11,549 INFO o.a.j.r.c.ReportGeneratorConfiguration: Property 'jmeter.reportgenerator.graph.timeVsThreads.exclude_controllers' not found, using default value 'false' instead.
2023-03-13 23:52:11,549 INFO o.a.j.r.c.ReportGeneratorConfiguration: Property 'jmeter.reportgenerator.graph.responseTimeDistribution.exclude_controllers' not found, using default value 'false' instead.
2023-03-13 23:52:11,549 INFO o.a.j.r.c.ReportGeneratorConfiguration: Property 'jmeter.reportgenerator.graph.transactionsPerSecond.exclude_controllers' not found, using default value 'false' instead.
2023-03-13 23:52:11,550 INFO o.a.j.r.c.ReportGeneratorConfiguration: Property 'jmeter.reportgenerator.graph.responseTimePercentiles.exclude_controllers' not found, using default value 'false' instead.
2023-03-13 23:52:11,550 INFO o.a.j.r.c.ReportGeneratorConfiguration: Property 'jmeter.reportgenerator.graph.responseTimePercentilesOverTime.exclude_controllers' not found, using default value 'false' instead.
2023-03-13 23:52:11,550 INFO o.a.j.r.c.ReportGeneratorConfiguration: Property 'jmeter.reportgenerator.graph.responseTimesOverTime.exclude_controllers' not found, using default value 'false' instead.
2023-03-13 23:52:11,550 INFO o.a.j.r.c.ReportGeneratorConfiguration: Property 'jmeter.reportgenerator.graph.connectTimeOverTime.exclude_controllers' not found, using default value 'false' instead.
2023-03-13 23:52:11,550 INFO o.a.j.r.c.ReportGeneratorConfiguration: Property 'jmeter.reportgenerator.graph.latenciesOverTime.exclude_controllers' not found, using default value 'false' instead.
2023-03-13 23:52:11,552 INFO o.a.j.r.c.ReportGeneratorConfiguration: Property 'jmeter.reportgenerator.exporter.json.filters_only_sample_series' not found, using default value 'true' instead.
2023-03-13 23:52:11,552 INFO o.a.j.r.c.ReportGeneratorConfiguration: Property 'jmeter.reportgenerator.exporter.json.series_filter' not found, using default value '' instead.
2023-03-13 23:52:11,552 INFO o.a.j.r.c.ReportGeneratorConfiguration: Property 'jmeter.reportgenerator.exporter.json.show_controllers_only' not found, using default value 'false' instead.
2023-03-13 23:52:11,552 INFO o.a.j.r.c.ReportGeneratorConfiguration: Property 'jmeter.reportgenerator.exporter.html.filters_only_sample_series' not found, using default value 'true' instead.
2023-03-13 23:52:11,553 INFO o.a.j.r.c.ReportGeneratorConfiguration: Property 'jmeter.reportgenerator.exporter.html.series_filter' not found, using default value '' instead.
2023-03-13 23:52:11,553 INFO o.a.j.r.c.ReportGeneratorConfiguration: Property 'jmeter.reportgenerator.exporter.html.show_controllers_only' not found, using default value 'false' instead.
2023-03-13 23:52:11,567 INFO o.a.j.e.StandardJMeterEngine: Running the test!
2023-03-13 23:52:11,568 INFO o.a.j.s.SampleEvent: List of sample_variables: []
2023-03-13 23:52:11,568 INFO o.a.j.s.SampleEvent: List of sample_variables: []
2023-03-13 23:52:11,580 INFO o.a.j.e.u.CompoundVariable: Note: Function class names must contain the string: '.functions.'
2023-03-13 23:52:11,581 INFO o.a.j.e.u.CompoundVariable: Note: Function class names must not contain the string: '.gui.'
2023-03-13 23:52:11,932 INFO o.a.j.JMeter: Running test (1678744331932)
2023-03-13 23:52:11,967 INFO o.a.j.e.StandardJMeterEngine: Starting ThreadGroup: 1 : Users
2023-03-13 23:52:11,968 INFO o.a.j.e.StandardJMeterEngine: Starting 50 threads for group Users.
2023-03-13 23:52:11,968 INFO o.a.j.e.StandardJMeterEngine: Thread will continue on error
2023-03-13 23:52:11,968 INFO o.a.j.t.ThreadGroup: Starting thread group... number=1 threads=50 ramp-up=10 delayedStart=false
2023-03-13 23:52:11,983 INFO o.a.j.t.JMeterThread: Thread started: Users 1-1
2023-03-13 23:52:12,004 INFO o.a.j.t.ThreadGroup: Started thread group number 1
2023-03-13 23:52:12,004 INFO o.a.j.e.StandardJMeterEngine: All thread groups have been started
2023-03-13 23:52:12,016 INFO o.a.j.p.h.s.HTTPHCAbstractImpl: Local host = mina-server
2023-03-13 23:52:12,026 INFO o.a.j.p.h.s.HTTPHC4Impl: HTTP request retry count = 0
2023-03-13 23:52:12,028 INFO o.a.j.s.SampleResult: Note: Sample TimeStamps are START times
2023-03-13 23:52:12,028 INFO o.a.j.s.SampleResult: sampleresult.default.encoding is set to ISO-8859-1
2023-03-13 23:52:12,028 INFO o.a.j.s.SampleResult: sampleresult.useNanoTime=true
2023-03-13 23:52:12,028 INFO o.a.j.s.SampleResult: sampleresult.nanoThreadSleep=5000
2023-03-13 23:52:12,177 INFO o.a.j.t.JMeterThread: Thread started: Users 1-2
2023-03-13 23:52:12,377 INFO o.a.j.t.JMeterThread: Thread started: Users 1-3
2023-03-13 23:52:12,574 INFO o.a.j.t.JMeterThread: Thread started: Users 1-4
2023-03-13 23:52:12,773 INFO o.a.j.t.JMeterThread: Thread started: Users 1-5
2023-03-13 23:52:12,971 INFO o.a.j.t.JMeterThread: Thread started: Users 1-6
2023-03-13 23:52:13,173 INFO o.a.j.t.JMeterThread: Thread started: Users 1-7
2023-03-13 23:52:13,374 INFO o.a.j.t.JMeterThread: Thread started: Users 1-8
2023-03-13 23:52:13,575 INFO o.a.j.t.JMeterThread: Thread started: Users 1-9
2023-03-13 23:52:13,775 INFO o.a.j.t.JMeterThread: Thread started: Users 1-10
2023-03-13 23:52:13,972 INFO o.a.j.t.JMeterThread: Thread started: Users 1-11
2023-03-13 23:52:14,172 INFO o.a.j.t.JMeterThread: Thread started: Users 1-12
2023-03-13 23:52:14,372 INFO o.a.j.t.JMeterThread: Thread started: Users 1-13
2023-03-13 23:52:14,571 INFO o.a.j.t.JMeterThread: Thread started: Users 1-14
2023-03-13 23:52:14,769 INFO o.a.j.t.JMeterThread: Thread started: Users 1-15
2023-03-13 23:52:14,971 INFO o.a.j.t.JMeterThread: Thread started: Users 1-16
2023-03-13 23:52:15,170 INFO o.a.j.t.JMeterThread: Thread started: Users 1-17
2023-03-13 23:52:15,368 INFO o.a.j.t.JMeterThread: Thread started: Users 1-18
2023-03-13 23:52:15,569 INFO o.a.j.t.JMeterThread: Thread started: Users 1-19
2023-03-13 23:52:15,770 INFO o.a.j.t.JMeterThread: Thread started: Users 1-20
2023-03-13 23:52:15,969 INFO o.a.j.t.JMeterThread: Thread started: Users 1-21
2023-03-13 23:52:16,170 INFO o.a.j.t.JMeterThread: Thread started: Users 1-22
2023-03-13 23:52:16,370 INFO o.a.j.t.JMeterThread: Thread started: Users 1-23
2023-03-13 23:52:16,570 INFO o.a.j.t.JMeterThread: Thread started: Users 1-24
2023-03-13 23:52:16,770 INFO o.a.j.t.JMeterThread: Thread started: Users 1-25
2023-03-13 23:52:16,968 INFO o.a.j.t.JMeterThread: Thread started: Users 1-26
2023-03-13 23:52:17,175 INFO o.a.j.t.JMeterThread: Thread started: Users 1-27
2023-03-13 23:52:17,368 INFO o.a.j.t.JMeterThread: Thread started: Users 1-28
2023-03-13 23:52:17,569 INFO o.a.j.t.JMeterThread: Thread started: Users 1-29
2023-03-13 23:52:17,768 INFO o.a.j.t.JMeterThread: Thread started: Users 1-30
2023-03-13 23:52:17,969 INFO o.a.j.t.JMeterThread: Thread started: Users 1-31
2023-03-13 23:52:18,168 INFO o.a.j.t.JMeterThread: Thread started: Users 1-32
2023-03-13 23:52:18,369 INFO o.a.j.t.JMeterThread: Thread started: Users 1-33
2023-03-13 23:52:18,569 INFO o.a.j.t.JMeterThread: Thread started: Users 1-34
2023-03-13 23:52:18,768 INFO o.a.j.t.JMeterThread: Thread started: Users 1-35
2023-03-13 23:52:18,970 INFO o.a.j.t.JMeterThread: Thread started: Users 1-36
2023-03-13 23:52:19,168 INFO o.a.j.t.JMeterThread: Thread started: Users 1-37
2023-03-13 23:52:19,368 INFO o.a.j.t.JMeterThread: Thread started: Users 1-38
2023-03-13 23:52:19,570 INFO o.a.j.t.JMeterThread: Thread started: Users 1-39
2023-03-13 23:52:19,768 INFO o.a.j.t.JMeterThread: Thread started: Users 1-40
2023-03-13 23:52:19,968 INFO o.a.j.t.JMeterThread: Thread started: Users 1-41
2023-03-13 23:52:20,170 INFO o.a.j.t.JMeterThread: Thread started: Users 1-42
2023-03-13 23:52:20,369 INFO o.a.j.t.JMeterThread: Thread started: Users 1-43
2023-03-13 23:52:20,570 INFO o.a.j.t.JMeterThread: Thread started: Users 1-44
2023-03-13 23:52:20,769 INFO o.a.j.t.JMeterThread: Thread started: Users 1-45
2023-03-13 23:52:20,968 INFO o.a.j.t.JMeterThread: Thread started: Users 1-46
2023-03-13 23:52:21,170 INFO o.a.j.t.JMeterThread: Thread started: Users 1-47
2023-03-13 23:52:21,371 INFO o.a.j.t.JMeterThread: Thread started: Users 1-48
2023-03-13 23:52:21,570 INFO o.a.j.t.JMeterThread: Thread started: Users 1-49
2023-03-13 23:52:21,769 INFO o.a.j.t.JMeterThread: Thread started: Users 1-50
2023-03-13 23:54:22,033 INFO o.a.j.t.JMeterThread: Thread is done: Users 1-3
2023-03-13 23:54:22,033 INFO o.a.j.t.JMeterThread: Thread is done: Users 1-1
2023-03-13 23:54:22,033 INFO o.a.j.t.JMeterThread: Thread is done: Users 1-5
2023-03-13 23:54:22,033 INFO o.a.j.t.JMeterThread: Thread is done: Users 1-2
2023-03-13 23:54:22,034 INFO o.a.j.t.JMeterThread: Thread finished: Users 1-1
2023-03-13 23:54:22,033 INFO o.a.j.t.JMeterThread: Thread is done: Users 1-4
2023-03-13 23:54:22,034 INFO o.a.j.t.JMeterThread: Thread finished: Users 1-4
2023-03-13 23:54:22,034 INFO o.a.j.t.JMeterThread: Thread finished: Users 1-2
2023-03-13 23:54:22,034 INFO o.a.j.t.JMeterThread: Thread finished: Users 1-3
2023-03-13 23:54:22,034 INFO o.a.j.t.JMeterThread: Thread finished: Users 1-5
2023-03-13 23:54:24,069 INFO o.a.j.t.JMeterThread: Thread is done: Users 1-6
2023-03-13 23:54:24,069 INFO o.a.j.t.JMeterThread: Thread is done: Users 1-8
2023-03-13 23:54:24,069 INFO o.a.j.t.JMeterThread: Thread is done: Users 1-11
2023-03-13 23:54:24,070 INFO o.a.j.t.JMeterThread: Thread is done: Users 1-9
2023-03-13 23:54:24,070 INFO o.a.j.t.JMeterThread: Thread finished: Users 1-8
2023-03-13 23:54:24,070 INFO o.a.j.t.JMeterThread: Thread finished: Users 1-11
2023-03-13 23:54:24,070 INFO o.a.j.t.JMeterThread: Thread finished: Users 1-9
2023-03-13 23:54:24,072 INFO o.a.j.t.JMeterThread: Thread is done: Users 1-15
2023-03-13 23:54:24,072 INFO o.a.j.t.JMeterThread: Thread finished: Users 1-15
2023-03-13 23:54:24,070 INFO o.a.j.t.JMeterThread: Thread finished: Users 1-6
2023-03-13 23:54:24,074 INFO o.a.j.t.JMeterThread: Thread is done: Users 1-12
2023-03-13 23:54:24,074 INFO o.a.j.t.JMeterThread: Thread is done: Users 1-13
2023-03-13 23:54:24,074 INFO o.a.j.t.JMeterThread: Thread finished: Users 1-12
2023-03-13 23:54:24,074 INFO o.a.j.t.JMeterThread: Thread finished: Users 1-13
2023-03-13 23:54:24,074 INFO o.a.j.t.JMeterThread: Thread is done: Users 1-14
2023-03-13 23:54:24,075 INFO o.a.j.t.JMeterThread: Thread finished: Users 1-14
2023-03-13 23:54:24,078 INFO o.a.j.t.JMeterThread: Thread is done: Users 1-7
2023-03-13 23:54:24,078 INFO o.a.j.t.JMeterThread: Thread is done: Users 1-10
2023-03-13 23:54:24,078 INFO o.a.j.t.JMeterThread: Thread finished: Users 1-7
2023-03-13 23:54:24,079 INFO o.a.j.t.JMeterThread: Thread finished: Users 1-10
2023-03-13 23:54:26,131 INFO o.a.j.t.JMeterThread: Thread is done: Users 1-19
2023-03-13 23:54:26,131 INFO o.a.j.t.JMeterThread: Thread is done: Users 1-21
2023-03-13 23:54:26,131 INFO o.a.j.t.JMeterThread: Thread is done: Users 1-23
2023-03-13 23:54:26,131 INFO o.a.j.t.JMeterThread: Thread is done: Users 1-16
2023-03-13 23:54:26,131 INFO o.a.j.t.JMeterThread: Thread is done: Users 1-18
2023-03-13 23:54:26,131 INFO o.a.j.t.JMeterThread: Thread finished: Users 1-19
2023-03-13 23:54:26,132 INFO o.a.j.t.JMeterThread: Thread finished: Users 1-18
2023-03-13 23:54:26,132 INFO o.a.j.t.JMeterThread: Thread finished: Users 1-16
2023-03-13 23:54:26,131 INFO o.a.j.t.JMeterThread: Thread finished: Users 1-23
2023-03-13 23:54:26,132 INFO o.a.j.t.JMeterThread: Thread finished: Users 1-21
2023-03-13 23:54:26,132 INFO o.a.j.t.JMeterThread: Thread is done: Users 1-20
2023-03-13 23:54:26,137 INFO o.a.j.t.JMeterThread: Thread finished: Users 1-20
2023-03-13 23:54:26,137 INFO o.a.j.t.JMeterThread: Thread is done: Users 1-22
2023-03-13 23:54:26,137 INFO o.a.j.t.JMeterThread: Thread finished: Users 1-22
2023-03-13 23:54:26,138 INFO o.a.j.t.JMeterThread: Thread is done: Users 1-25
2023-03-13 23:54:26,139 INFO o.a.j.t.JMeterThread: Thread is done: Users 1-17
2023-03-13 23:54:26,139 INFO o.a.j.t.JMeterThread: Thread is done: Users 1-24
2023-03-13 23:54:26,139 INFO o.a.j.t.JMeterThread: Thread finished: Users 1-25
2023-03-13 23:54:26,139 INFO o.a.j.t.JMeterThread: Thread finished: Users 1-17
2023-03-13 23:54:26,139 INFO o.a.j.t.JMeterThread: Thread finished: Users 1-24
2023-03-13 23:54:28,165 INFO o.a.j.t.JMeterThread: Thread is done: Users 1-28
2023-03-13 23:54:28,165 INFO o.a.j.t.JMeterThread: Thread finished: Users 1-28
2023-03-13 23:54:28,165 INFO o.a.j.t.JMeterThread: Thread is done: Users 1-35
2023-03-13 23:54:28,165 INFO o.a.j.t.JMeterThread: Thread is done: Users 1-34
2023-03-13 23:54:28,166 INFO o.a.j.t.JMeterThread: Thread finished: Users 1-35
2023-03-13 23:54:28,168 INFO o.a.j.t.JMeterThread: Thread is done: Users 1-33
2023-03-13 23:54:28,170 INFO o.a.j.t.JMeterThread: Thread is done: Users 1-30
2023-03-13 23:54:28,170 INFO o.a.j.t.JMeterThread: Thread finished: Users 1-30
2023-03-13 23:54:28,170 INFO o.a.j.t.JMeterThread: Thread is done: Users 1-26
2023-03-13 23:54:28,170 INFO o.a.j.t.JMeterThread: Thread is done: Users 1-27
2023-03-13 23:54:28,171 INFO o.a.j.t.JMeterThread: Thread finished: Users 1-26
2023-03-13 23:54:28,166 INFO o.a.j.t.JMeterThread: Thread finished: Users 1-34
2023-03-13 23:54:28,170 INFO o.a.j.t.JMeterThread: Thread finished: Users 1-33
2023-03-13 23:54:28,171 INFO o.a.j.t.JMeterThread: Thread is done: Users 1-31
2023-03-13 23:54:28,172 INFO o.a.j.t.JMeterThread: Thread is done: Users 1-29
2023-03-13 23:54:28,170 INFO o.a.j.t.JMeterThread: Thread is done: Users 1-32
2023-03-13 23:54:28,171 INFO o.a.j.t.JMeterThread: Thread finished: Users 1-27
2023-03-13 23:54:28,172 INFO o.a.j.t.JMeterThread: Thread finished: Users 1-31
2023-03-13 23:54:28,173 INFO o.a.j.t.JMeterThread: Thread finished: Users 1-32
2023-03-13 23:54:28,173 INFO o.a.j.t.JMeterThread: Thread finished: Users 1-29
2023-03-13 23:54:30,213 INFO o.a.j.t.JMeterThread: Thread is done: Users 1-42
2023-03-13 23:54:30,213 INFO o.a.j.t.JMeterThread: Thread is done: Users 1-43
2023-03-13 23:54:30,213 INFO o.a.j.t.JMeterThread: Thread is done: Users 1-45
2023-03-13 23:54:30,213 INFO o.a.j.t.JMeterThread: Thread finished: Users 1-42
2023-03-13 23:54:30,213 INFO o.a.j.t.JMeterThread: Thread is done: Users 1-39
2023-03-13 23:54:30,214 INFO o.a.j.t.JMeterThread: Thread finished: Users 1-45
2023-03-13 23:54:30,213 INFO o.a.j.t.JMeterThread: Thread is done: Users 1-44
2023-03-13 23:54:30,214 INFO o.a.j.t.JMeterThread: Thread is done: Users 1-46
2023-03-13 23:54:30,214 INFO o.a.j.t.JMeterThread: Thread finished: Users 1-46
2023-03-13 23:54:30,214 INFO o.a.j.t.JMeterThread: Thread finished: Users 1-44
2023-03-13 23:54:30,214 INFO o.a.j.t.JMeterThread: Thread finished: Users 1-39
2023-03-13 23:54:30,214 INFO o.a.j.t.JMeterThread: Thread is done: Users 1-36
2023-03-13 23:54:30,214 INFO o.a.j.t.JMeterThread: Thread finished: Users 1-36
2023-03-13 23:54:30,215 INFO o.a.j.t.JMeterThread: Thread finished: Users 1-43
2023-03-13 23:54:30,215 INFO o.a.j.r.Summariser: summary +     36 in 00:02:18 =    0.3/s Avg: 130172 Min: 129246 Max: 131195 Err:    36 (100.00%) Active: 13 Started: 50 Finished: 37
2023-03-13 23:54:30,217 INFO o.a.j.t.JMeterThread: Thread is done: Users 1-38
2023-03-13 23:54:30,217 INFO o.a.j.t.JMeterThread: Thread finished: Users 1-38
2023-03-13 23:54:30,217 INFO o.a.j.t.JMeterThread: Thread is done: Users 1-40
2023-03-13 23:54:30,217 INFO o.a.j.t.JMeterThread: Thread is done: Users 1-37
2023-03-13 23:54:30,217 INFO o.a.j.t.JMeterThread: Thread is done: Users 1-41
2023-03-13 23:54:30,217 INFO o.a.j.t.JMeterThread: Thread finished: Users 1-40
2023-03-13 23:54:30,218 INFO o.a.j.t.JMeterThread: Thread finished: Users 1-41
2023-03-13 23:54:30,217 INFO o.a.j.t.JMeterThread: Thread finished: Users 1-37
2023-03-13 23:54:32,257 INFO o.a.j.t.JMeterThread: Thread is done: Users 1-49
2023-03-13 23:54:32,258 INFO o.a.j.t.JMeterThread: Thread finished: Users 1-49
2023-03-13 23:54:32,261 INFO o.a.j.t.JMeterThread: Thread is done: Users 1-47
2023-03-13 23:54:32,261 INFO o.a.j.t.JMeterThread: Thread is done: Users 1-50
2023-03-13 23:54:32,261 INFO o.a.j.t.JMeterThread: Thread is done: Users 1-48
2023-03-13 23:54:32,262 INFO o.a.j.t.JMeterThread: Thread finished: Users 1-47
2023-03-13 23:54:32,262 INFO o.a.j.t.JMeterThread: Thread finished: Users 1-50
2023-03-13 23:54:32,262 INFO o.a.j.t.JMeterThread: Thread finished: Users 1-48
2023-03-13 23:54:32,262 INFO o.a.j.e.StandardJMeterEngine: Notifying test listeners of end of test
2023-03-13 23:54:32,263 INFO o.a.j.r.Summariser: summary +     14 in 00:00:02 =    6.8/s Avg: 130354 Min: 129239 Max: 131242 Err:    14 (100.00%) Active: 0 Started: 50 Finished: 50
2023-03-13 23:54:32,264 INFO o.a.j.r.Summariser: summary =     50 in 00:02:20 =    0.4/s Avg: 130223 Min: 129239 Max: 131242 Err:    50 (100.00%)
2023-03-13 23:54:32,265 INFO o.a.j.JMeter: Generating Dashboard
2023-03-13 23:54:32,265 INFO o.a.j.r.d.ReportGenerator: Flushing result collector before report Generation
2023-03-13 23:54:32,290 INFO o.a.j.r.p.NormalizerSampleConsumer: Using format, 'ms', to parse timeStamp field
2023-03-13 23:54:32,395 INFO o.a.j.r.p.AbstractSampleConsumer: class org.apache.jmeter.report.processor.AggregateConsumer#stopProducing(): beginDate produced 0 samples
2023-03-13 23:54:32,396 INFO o.a.j.r.p.AbstractSampleConsumer: class org.apache.jmeter.report.processor.AggregateConsumer#stopProducing(): endDate produced 0 samples
2023-03-13 23:54:32,398 INFO o.a.j.r.p.AbstractSampleConsumer: class org.apache.jmeter.report.processor.ApdexSummaryConsumer#stopProducing(): apdexSummary produced 0 samples
2023-03-13 23:54:32,398 INFO o.a.j.r.p.AbstractSampleConsumer: class org.apache.jmeter.report.processor.RequestsSummaryConsumer#stopProducing(): requestsSummary produced 0 samples
2023-03-13 23:54:32,401 INFO o.a.j.r.p.AbstractSampleConsumer: class org.apache.jmeter.report.processor.StatisticsSummaryConsumer#stopProducing(): statisticsSummary produced 0 samples
2023-03-13 23:54:32,403 INFO o.a.j.r.p.AbstractSampleConsumer: class org.apache.jmeter.report.processor.Top5ErrorsBySamplerConsumer#stopProducing(): top5ErrorsBySampler produced 0 samples
2023-03-13 23:54:32,403 INFO o.a.j.r.p.AbstractSampleConsumer: class org.apache.jmeter.report.processor.ErrorsSummaryConsumer#stopProducing(): errorsSummary produced 0 samples
2023-03-13 23:54:32,403 INFO o.a.j.r.p.AbstractSampleConsumer: class org.apache.jmeter.report.processor.graph.impl.HitsPerSecondGraphConsumer#stopProducing(): hitsPerSecond produced 0 samples
2023-03-13 23:54:32,410 INFO o.a.j.r.p.AbstractSampleConsumer: class org.apache.jmeter.report.processor.graph.impl.LatencyVSRequestGraphConsumer#stopProducing(): latencyVsRequest produced 0 samples
2023-03-13 23:54:32,410 INFO o.a.j.r.p.AbstractSampleConsumer: class org.apache.jmeter.report.processor.graph.impl.SyntheticResponseTimeDistributionGraphConsumer#stopProducing(): syntheticResponseTimeDistribution produced 0 samples
2023-03-13 23:54:32,410 INFO o.a.j.r.p.AbstractSampleConsumer: class org.apache.jmeter.report.processor.graph.impl.BytesThroughputGraphConsumer#stopProducing(): bytesThroughputOverTime produced 0 samples
2023-03-13 23:54:32,410 INFO o.a.j.r.p.AbstractSampleConsumer: class org.apache.jmeter.report.processor.graph.impl.CodesPerSecondGraphConsumer#stopProducing(): codesPerSecond produced 0 samples
2023-03-13 23:54:32,417 INFO o.a.j.r.p.AbstractSampleConsumer: class org.apache.jmeter.report.processor.graph.impl.ResponseTimeVSRequestGraphConsumer#stopProducing(): responseTimeVsRequest produced 0 samples
2023-03-13 23:54:32,418 INFO o.a.j.r.p.AbstractSampleConsumer: class org.apache.jmeter.report.processor.FilterConsumer#stopProducing(): startIntervalControlerFilter produced 350 samples
2023-03-13 23:54:32,418 INFO o.a.j.r.p.AbstractSampleConsumer: class org.apache.jmeter.report.processor.graph.impl.TotalTPSGraphConsumer#stopProducing(): totalTPS produced 0 samples
2023-03-13 23:54:32,418 INFO o.a.j.r.p.AbstractSampleConsumer: class org.apache.jmeter.report.processor.graph.impl.ActiveThreadsGraphConsumer#stopProducing(): activeThreadsOverTime produced 0 samples
2023-03-13 23:54:32,418 INFO o.a.j.r.p.AbstractSampleConsumer: class org.apache.jmeter.report.processor.graph.impl.TimeVSThreadGraphConsumer#stopProducing(): timeVsThreads produced 0 samples
2023-03-13 23:54:32,418 INFO o.a.j.r.p.AbstractSampleConsumer: class org.apache.jmeter.report.processor.graph.impl.ResponseTimeDistributionGraphConsumer#stopProducing(): responseTimeDistribution produced 0 samples
2023-03-13 23:54:32,419 INFO o.a.j.r.p.AbstractSampleConsumer: class org.apache.jmeter.report.processor.graph.impl.TransactionsPerSecondGraphConsumer#stopProducing(): transactionsPerSecond produced 0 samples
2023-03-13 23:54:32,419 INFO o.a.j.r.p.AbstractSampleConsumer: class org.apache.jmeter.report.processor.graph.impl.ResponseTimePercentilesGraphConsumer#stopProducing(): responseTimePercentiles produced 0 samples
2023-03-13 23:54:32,420 INFO o.a.j.r.p.AbstractSampleConsumer: class org.apache.jmeter.report.processor.graph.impl.ResponseTimePercentilesOverTimeGraphConsumer#stopProducing(): responseTimePercentilesOverTime produced 0 samples
2023-03-13 23:54:32,420 INFO o.a.j.r.p.AbstractSampleConsumer: class org.apache.jmeter.report.processor.graph.impl.ResponseTimeOverTimeGraphConsumer#stopProducing(): responseTimesOverTime produced 0 samples
2023-03-13 23:54:32,420 INFO o.a.j.r.p.AbstractSampleConsumer: class org.apache.jmeter.report.processor.graph.impl.ConnectTimeOverTimeGraphConsumer#stopProducing(): connectTimeOverTime produced 0 samples
2023-03-13 23:54:32,420 INFO o.a.j.r.p.AbstractSampleConsumer: class org.apache.jmeter.report.processor.graph.impl.LatencyOverTimeGraphConsumer#stopProducing(): latenciesOverTime produced 0 samples
2023-03-13 23:54:32,420 INFO o.a.j.r.p.AbstractSampleConsumer: class org.apache.jmeter.report.processor.FilterConsumer#stopProducing(): nameFilter produced 750 samples
2023-03-13 23:54:32,421 INFO o.a.j.r.p.AbstractSampleConsumer: class org.apache.jmeter.report.processor.FilterConsumer#stopProducing(): dateRangeFilter produced 150 samples
2023-03-13 23:54:32,421 INFO o.a.j.r.p.AbstractSampleConsumer: class org.apache.jmeter.report.processor.NormalizerSampleConsumer#stopProducing(): normalizer produced 50 samples
2023-03-13 23:54:32,421 INFO o.a.j.r.p.CsvFileSampleSource: produce(): 50 samples produced in 103ms on channel 0
2023-03-13 23:54:32,421 INFO o.a.j.r.d.ReportGenerator: Exporting data using exporter:'json' of className:'org.apache.jmeter.report.dashboard.JsonExporter'
2023-03-13 23:54:32,566 INFO o.a.j.r.d.JsonExporter: Found data for consumer statisticsSummary in context
2023-03-13 23:54:32,567 INFO o.a.j.r.d.JsonExporter: Creating statistics for overall
2023-03-13 23:54:32,567 INFO o.a.j.r.d.JsonExporter: Creating statistics for other transactions
2023-03-13 23:54:32,568 INFO o.a.j.r.d.JsonExporter: Checking output folder
2023-03-13 23:54:32,568 INFO o.a.j.r.d.JsonExporter: Writing statistics JSON to /home/mina/Desktop/jmeter_reports/statistics.json
2023-03-13 23:54:32,612 INFO o.a.j.r.d.ReportGenerator: Exporting data using exporter:'html' of className:'org.apache.jmeter.report.dashboard.HtmlTemplateExporter'
2023-03-13 23:54:32,615 INFO o.a.j.r.d.HtmlTemplateExporter: Will generate dashboard in folder: /home/mina/Desktop/jmeter_reports
2023-03-13 23:54:32,739 INFO o.a.j.r.d.HtmlTemplateExporter: Report will be generated in: /home/mina/Desktop/jmeter_reports, creating folder structure
2023-03-13 23:54:32,742 INFO o.a.j.r.d.TemplateVisitor: Copying folder from '/home/mina/Desktop/apache-jmeter-5.5/bin/report-template' to '/home/mina/Desktop/jmeter_reports', got message: /home/mina/Desktop/jmeter_reports, found non empty folder with following content [/home/mina/Desktop/jmeter_reports/statistics.json], will be ignored
2023-03-13 23:54:33,048 INFO o.a.j.JMeter: Dashboard generated
